{
  message: 'DB connected Successfully',
  level: 'info',
  label: 'Arman Project',
  timestamp: '2023-06-02T12:30:38.945Z'
}
{
  message: 'Application listening on port 5000',
  level: 'info',
  label: 'Arman Project',
  timestamp: '2023-06-02T12:30:38.955Z'
}
{
  message: 'DB connected Successfully',
  level: 'info',
  label: 'Arman Project',
  timestamp: '2023-06-02T12:31:51.649Z'
}
{
  message: 'Application listening on port 5000',
  level: 'info',
  label: 'Arman Project',
  timestamp: '2023-06-02T12:31:51.661Z'
}
{
  message: 'DB connected Successfully',
  level: 'info',
  label: 'Arman Project',
  timestamp: '2023-06-02T12:32:11.773Z'
}
{
  message: 'Application listening on port 5000',
  level: 'info',
  label: 'Arman Project',
  timestamp: '2023-06-02T12:32:11.785Z'
}
Fri Jun 02 2023, 18:34:38 [Arman Project] info: DB connected Successfully
Fri Jun 02 2023, 18:34:39 [Arman Project] info: Application listening on port 5000
Fri Jun 02 2023, 18:34:59 [Arman Project] info: DB connected Successfully
Fri Jun 02 2023, 18:34:59 [Arman Project] info: Application listening on port 5000
Fri Jun 02 2023, 18:47:34 [Arman Project] info: DB connected Successfully
Fri Jun 02 2023, 18:47:34 [Arman Project] info: Application listening on port 5000
Fri Jun 02 2023, 18:48:1 [Arman Project] info: DB connected Successfully
Fri Jun 02 2023, 18:48:1 [Arman Project] info: Application listening on port 5000
